# JRE version: OpenJDK Runtime Environment (17.0.11) (build 17.0.11+0--11852314)
# Java VM: OpenJDK 64-Bit Server VM (17.0.11+0--11852314, mixed mode, tiered, compressed oops, compressed class ptrs, g1 gc, windows-amd64)
GC Precious Log:
 CPUs: 4 total, 4 available
 Memory: 8090M
 Large Page Support: Disabled
 NUMA Support: Disabled
 Compressed Oops: Enabled (32-bit)
 Heap Region Size: 1M
 Heap Min Capacity: 8M
 Heap Initial Capacity: 128M
 Heap Max Capacity: 2G
 Pre-touch: Disabled
 Parallel Workers: 4
 Concurrent Workers: 1
 Concurrent Refinement Workers: 4
 Periodic GC: Disabled
Heap:
 garbage-first heap   total 160768K, used 125575K [0x0000000080000000, 0x0000000100000000)
  region size 1024K, 21 young (21504K), 3 survivors (3072K)
 Metaspace       used 104982K, committed 105728K, reserved 1179648K
  class space    used 14575K, committed 14912K, reserved 1048576K
GC Heap History (20 events):
Event: 51.590 GC heap before
{Heap before GC invocations=41 (full 0):
 garbage-first heap   total 160768K, used 132949K [0x0000000080000000, 0x0000000100000000)
  region size 1024K, 46 young (47104K), 1 survivors (1024K)
 Metaspace       used 87031K, committed 87680K, reserved 1179648K
  class space    used 12038K, committed 12352K, reserved 1048576K
}
Event: 51.597 GC heap after
{Heap after GC invocations=42 (full 0):
 garbage-first heap   total 160768K, used 88097K [0x0000000080000000, 0x0000000100000000)
  region size 1024K, 2 young (2048K), 2 survivors (2048K)
 Metaspace       used 87031K, committed 87680K, reserved 1179648K
  class space    used 12038K, committed 12352K, reserved 1048576K
}
Event: 54.181 GC heap before
{Heap before GC invocations=42 (full 0):
 garbage-first heap   total 160768K, used 134177K [0x0000000080000000, 0x0000000100000000)
  region size 1024K, 47 young (48128K), 2 survivors (2048K)
 Metaspace       used 90089K, committed 90688K, reserved 1179648K
  class space    used 12483K, committed 12800K, reserved 1048576K
}
Event: 54.192 GC heap after
{Heap after GC invocations=43 (full 0):
 garbage-first heap   total 160768K, used 90292K [0x0000000080000000, 0x0000000100000000)
  region size 1024K, 4 young (4096K), 4 survivors (4096K)
 Metaspace       used 90089K, committed 90688K, reserved 1179648K
  class space    used 12483K, committed 12800K, reserved 1048576K
}
Event: 56.504 GC heap before
{Heap before GC invocations=43 (full 0):
 garbage-first heap   total 160768K, used 135348K [0x0000000080000000, 0x0000000100000000)
  region size 1024K, 48 young (49152K), 4 survivors (4096K)
 Metaspace       used 93562K, committed 94272K, reserved 1179648K
  class space    used 12987K, committed 13312K, reserved 1048576K
}
Event: 56.521 GC heap after
{Heap after GC invocations=44 (full 0):
 garbage-first heap   total 160768K, used 92738K [0x0000000080000000, 0x0000000100000000)
  region size 1024K, 5 young (5120K), 5 survivors (5120K)
 Metaspace       used 93562K, committed 94272K, reserved 1179648K
  class space    used 12987K, committed 13312K, reserved 1048576K
}
Event: 58.682 GC heap before
{Heap before GC invocations=44 (full 0):
 garbage-first heap   total 160768K, used 134722K [0x0000000080000000, 0x0000000100000000)
  region size 1024K, 46 young (47104K), 5 survivors (5120K)
 Metaspace       used 97560K, committed 98240K, reserved 1179648K
  class space    used 13545K, committed 13888K, reserved 1048576K
}
Event: 58.700 GC heap after
{Heap after GC invocations=45 (full 0):
 garbage-first heap   total 160768K, used 94959K [0x0000000080000000, 0x0000000100000000)
  region size 1024K, 5 young (5120K), 5 survivors (5120K)
 Metaspace       used 97560K, committed 98240K, reserved 1179648K
  class space    used 13545K, committed 13888K, reserved 1048576K
}
Event: 61.216 GC heap before
{Heap before GC invocations=45 (full 0):
 garbage-first heap   total 160768K, used 133871K [0x0000000080000000, 0x0000000100000000)
  region size 1024K, 44 young (45056K), 5 survivors (5120K)
 Metaspace       used 100339K, committed 101056K, reserved 1179648K
  class space    used 14007K, committed 14336K, reserved 1048576K
}
Event: 61.236 GC heap after
{Heap after GC invocations=46 (full 0):
 garbage-first heap   total 160768K, used 98125K [0x0000000080000000, 0x0000000100000000)
  region size 1024K, 6 young (6144K), 6 survivors (6144K)
 Metaspace       used 100339K, committed 101056K, reserved 1179648K
  class space    used 14007K, committed 14336K, reserved 1048576K
}
Event: 63.242 GC heap before
{Heap before GC invocations=46 (full 0):
 garbage-first heap   total 160768K, used 134989K [0x0000000080000000, 0x0000000100000000)
  region size 1024K, 43 young (44032K), 6 survivors (6144K)
 Metaspace       used 100886K, committed 101632K, reserved 1179648K
  class space    used 14045K, committed 14400K, reserved 1048576K
}
Event: 63.265 GC heap after
{Heap after GC invocations=47 (full 0):
 garbage-first heap   total 160768K, used 102940K [0x0000000080000000, 0x0000000100000000)
  region size 1024K, 5 young (5120K), 5 survivors (5120K)
 Metaspace       used 100886K, committed 101632K, reserved 1179648K
  class space    used 14045K, committed 14400K, reserved 1048576K
}
Event: 65.104 GC heap before
{Heap before GC invocations=47 (full 0):
 garbage-first heap   total 160768K, used 133660K [0x0000000080000000, 0x0000000100000000)
  region size 1024K, 36 young (36864K), 5 survivors (5120K)
 Metaspace       used 101559K, committed 102336K, reserved 1179648K
  class space    used 14149K, committed 14528K, reserved 1048576K
}
Event: 65.119 GC heap after
{Heap after GC invocations=48 (full 0):
 garbage-first heap   total 160768K, used 104920K [0x0000000080000000, 0x0000000100000000)
  region size 1024K, 4 young (4096K), 4 survivors (4096K)
 Metaspace       used 101559K, committed 102336K, reserved 1179648K
  class space    used 14149K, committed 14528K, reserved 1048576K
}
Event: 66.302 GC heap before
{Heap before GC invocations=48 (full 0):
 garbage-first heap   total 160768K, used 133592K [0x0000000080000000, 0x0000000100000000)
  region size 1024K, 33 young (33792K), 4 survivors (4096K)
 Metaspace       used 101718K, committed 102400K, reserved 1179648K
  class space    used 14160K, committed 14528K, reserved 1048576K
}
Event: 66.314 GC heap after
{Heap after GC invocations=49 (full 0):
 garbage-first heap   total 160768K, used 106017K [0x0000000080000000, 0x0000000100000000)
  region size 1024K, 4 young (4096K), 4 survivors (4096K)
 Metaspace       used 101718K, committed 102400K, reserved 1179648K
  class space    used 14160K, committed 14528K, reserved 1048576K
}
Event: 67.595 GC heap before
{Heap before GC invocations=49 (full 0):
 garbage-first heap   total 160768K, used 132641K [0x0000000080000000, 0x0000000100000000)
  region size 1024K, 31 young (31744K), 4 survivors (4096K)
 Metaspace       used 101948K, committed 102592K, reserved 1179648K
  class space    used 14191K, committed 14528K, reserved 1048576K
}
Event: 67.610 GC heap after
{Heap after GC invocations=50 (full 0):
 garbage-first heap   total 160768K, used 107601K [0x0000000080000000, 0x0000000100000000)
  region size 1024K, 4 young (4096K), 4 survivors (4096K)
 Metaspace       used 101948K, committed 102592K, reserved 1179648K
  class space    used 14191K, committed 14528K, reserved 1048576K
}
Event: 69.321 GC heap before
{Heap before GC invocations=50 (full 0):
 garbage-first heap   total 160768K, used 133201K [0x0000000080000000, 0x0000000100000000)
  region size 1024K, 30 young (30720K), 4 survivors (4096K)
 Metaspace       used 103490K, committed 104192K, reserved 1179648K
  class space    used 14406K, committed 14720K, reserved 1048576K
}
Event: 69.334 GC heap after
{Heap after GC invocations=51 (full 0):
 garbage-first heap   total 160768K, used 109191K [0x0000000080000000, 0x0000000100000000)
  region size 1024K, 3 young (3072K), 3 survivors (3072K)
 Metaspace       used 103490K, committed 104192K, reserved 1179648K
  class space    used 14406K, committed 14720K, reserved 1048576K
}

