# JRE version: OpenJDK Runtime Environment (17.0.11) (build 17.0.11+0--11852314)
# Java VM: OpenJDK 64-Bit Server VM (17.0.11+0--11852314, mixed mode, tiered, compressed oops, compressed class ptrs, g1 gc, windows-amd64)
GC Precious Log:
 CPUs: 4 total, 4 available
 Memory: 8090M
 Large Page Support: Disabled
 NUMA Support: Disabled
 Compressed Oops: Enabled (32-bit)
 Heap Region Size: 1M
 Heap Min Capacity: 8M
 Heap Initial Capacity: 128M
 Heap Max Capacity: 2024M
 Pre-touch: Disabled
 Parallel Workers: 4
 Concurrent Workers: 1
 Concurrent Refinement Workers: 4
 Periodic GC: Disabled
Heap:
 garbage-first heap   total 41984K, used 20451K [0x0000000081800000, 0x0000000100000000)
  region size 1024K, 1 young (1024K), 1 survivors (1024K)
 Metaspace       used 36788K, committed 36992K, reserved 1114112K
  class space    used 4664K, committed 4800K, reserved 1048576K
GC Heap History (17 events):
Event: 1.372 GC heap before
{Heap before GC invocations=0 (full 0):
 garbage-first heap   total 131072K, used 17408K [0x0000000081800000, 0x0000000100000000)
  region size 1024K, 13 young (13312K), 0 survivors (0K)
 Metaspace       used 10530K, committed 10688K, reserved 1114112K
  class space    used 911K, committed 1024K, reserved 1048576K
}
Event: 1.379 GC heap after
{Heap after GC invocations=1 (full 0):
 garbage-first heap   total 131072K, used 6144K [0x0000000081800000, 0x0000000100000000)
  region size 1024K, 2 young (2048K), 2 survivors (2048K)
 Metaspace       used 10530K, committed 10688K, reserved 1114112K
  class space    used 911K, committed 1024K, reserved 1048576K
}
Event: 2.330 GC heap before
{Heap before GC invocations=1 (full 0):
 garbage-first heap   total 131072K, used 21504K [0x0000000081800000, 0x0000000100000000)
  region size 1024K, 18 young (18432K), 2 survivors (2048K)
 Metaspace       used 14581K, committed 14720K, reserved 1114112K
  class space    used 1458K, committed 1536K, reserved 1048576K
}
Event: 2.340 GC heap after
{Heap after GC invocations=2 (full 0):
 garbage-first heap   total 131072K, used 7698K [0x0000000081800000, 0x0000000100000000)
  region size 1024K, 2 young (2048K), 2 survivors (2048K)
 Metaspace       used 14581K, committed 14720K, reserved 1114112K
  class space    used 1458K, committed 1536K, reserved 1048576K
}
Event: 4.244 GC heap before
{Heap before GC invocations=2 (full 0):
 garbage-first heap   total 131072K, used 33298K [0x0000000081800000, 0x0000000100000000)
  region size 1024K, 28 young (28672K), 2 survivors (2048K)
 Metaspace       used 21336K, committed 21504K, reserved 1114112K
  class space    used 2332K, committed 2432K, reserved 1048576K
}
Event: 4.258 GC heap after
{Heap after GC invocations=3 (full 0):
 garbage-first heap   total 131072K, used 10356K [0x0000000081800000, 0x0000000100000000)
  region size 1024K, 5 young (5120K), 5 survivors (5120K)
 Metaspace       used 21336K, committed 21504K, reserved 1114112K
  class space    used 2332K, committed 2432K, reserved 1048576K
}
Event: 5.705 GC heap before
{Heap before GC invocations=4 (full 0):
 garbage-first heap   total 40960K, used 31860K [0x0000000081800000, 0x0000000100000000)
  region size 1024K, 27 young (27648K), 5 survivors (5120K)
 Metaspace       used 28635K, committed 28864K, reserved 1114112K
  class space    used 3570K, committed 3648K, reserved 1048576K
}
Event: 5.726 GC heap after
{Heap after GC invocations=5 (full 0):
 garbage-first heap   total 40960K, used 11529K [0x0000000081800000, 0x0000000100000000)
  region size 1024K, 6 young (6144K), 6 survivors (6144K)
 Metaspace       used 28635K, committed 28864K, reserved 1114112K
  class space    used 3570K, committed 3648K, reserved 1048576K
}
Event: 6.296 GC heap before
{Heap before GC invocations=5 (full 0):
 garbage-first heap   total 40960K, used 30985K [0x0000000081800000, 0x0000000100000000)
  region size 1024K, 23 young (23552K), 6 survivors (6144K)
 Metaspace       used 29395K, committed 29632K, reserved 1114112K
  class space    used 3624K, committed 3712K, reserved 1048576K
}
Event: 6.335 GC heap after
{Heap after GC invocations=6 (full 0):
 garbage-first heap   total 41984K, used 18237K [0x0000000081800000, 0x0000000100000000)
  region size 1024K, 3 young (3072K), 3 survivors (3072K)
 Metaspace       used 29395K, committed 29632K, reserved 1114112K
  class space    used 3624K, committed 3712K, reserved 1048576K
}
Event: 7.038 GC heap before
{Heap before GC invocations=6 (full 0):
 garbage-first heap   total 41984K, used 29501K [0x0000000081800000, 0x0000000100000000)
  region size 1024K, 14 young (14336K), 3 survivors (3072K)
 Metaspace       used 32724K, committed 33024K, reserved 1114112K
  class space    used 4210K, committed 4352K, reserved 1048576K
}
Event: 7.055 GC heap after
{Heap after GC invocations=7 (full 0):
 garbage-first heap   total 41984K, used 20230K [0x0000000081800000, 0x0000000100000000)
  region size 1024K, 2 young (2048K), 2 survivors (2048K)
 Metaspace       used 32724K, committed 33024K, reserved 1114112K
  class space    used 4210K, committed 4352K, reserved 1048576K
}
Event: 7.503 GC heap before
{Heap before GC invocations=7 (full 0):
 garbage-first heap   total 41984K, used 29446K [0x0000000081800000, 0x0000000100000000)
  region size 1024K, 12 young (12288K), 2 survivors (2048K)
 Metaspace       used 34441K, committed 34624K, reserved 1114112K
  class space    used 4390K, committed 4480K, reserved 1048576K
}
Event: 7.514 GC heap after
{Heap after GC invocations=8 (full 0):
 garbage-first heap   total 41984K, used 19386K [0x0000000081800000, 0x0000000100000000)
  region size 1024K, 2 young (2048K), 2 survivors (2048K)
 Metaspace       used 34441K, committed 34624K, reserved 1114112K
  class space    used 4390K, committed 4480K, reserved 1048576K
}
Event: 8.097 GC heap before
{Heap before GC invocations=9 (full 0):
 garbage-first heap   total 41984K, used 29626K [0x0000000081800000, 0x0000000100000000)
  region size 1024K, 13 young (13312K), 2 survivors (2048K)
 Metaspace       used 36618K, committed 36864K, reserved 1114112K
  class space    used 4650K, committed 4736K, reserved 1048576K
}
Event: 8.109 GC heap after
{Heap after GC invocations=10 (full 0):
 garbage-first heap   total 41984K, used 20894K [0x0000000081800000, 0x0000000100000000)
  region size 1024K, 2 young (2048K), 2 survivors (2048K)
 Metaspace       used 36618K, committed 36864K, reserved 1114112K
  class space    used 4650K, committed 4736K, reserved 1048576K
}
Event: 8.188 GC heap before
{Heap before GC invocations=10 (full 0):
 garbage-first heap   total 41984K, used 21918K [0x0000000081800000, 0x0000000100000000)
  region size 1024K, 3 young (3072K), 2 survivors (2048K)
 Metaspace       used 36788K, committed 36992K, reserved 1114112K
  class space    used 4664K, committed 4800K, reserved 1048576K
}

