# JRE version: OpenJDK Runtime Environment (17.0.11) (build 17.0.11+0--11852314)
# Java VM: OpenJDK 64-Bit Server VM (17.0.11+0--11852314, mixed mode, tiered, compressed oops, compressed class ptrs, g1 gc, windows-amd64)
GC Precious Log:
 CPUs: 4 total, 4 available
 Memory: 8090M
 Large Page Support: Disabled
 NUMA Support: Disabled
 Compressed Oops: Enabled (32-bit)
 Heap Region Size: 1M
 Heap Min Capacity: 8M
 Heap Initial Capacity: 128M
 Heap Max Capacity: 2024M
 Pre-touch: Disabled
 Parallel Workers: 4
 Concurrent Workers: 1
 Concurrent Refinement Workers: 4
 Periodic GC: Disabled
Heap:
 garbage-first heap   total 142336K, used 77767K [0x0000000081800000, 0x0000000100000000)
  region size 1024K, 14 young (14336K), 7 survivors (7168K)
 Metaspace       used 74304K, committed 74624K, reserved 1179648K
  class space    used 8316K, committed 8512K, reserved 1048576K
GC Heap History (20 events):
Event: 22.292 GC heap before
{Heap before GC invocations=21 (full 0):
 garbage-first heap   total 94208K, used 68423K [0x0000000081800000, 0x0000000100000000)
  region size 1024K, 36 young (36864K), 6 survivors (6144K)
 Metaspace       used 57912K, committed 58176K, reserved 1114112K
  class space    used 6905K, committed 7040K, reserved 1048576K
}
Event: 22.332 GC heap after
{Heap after GC invocations=22 (full 0):
 garbage-first heap   total 94208K, used 42200K [0x0000000081800000, 0x0000000100000000)
  region size 1024K, 5 young (5120K), 5 survivors (5120K)
 Metaspace       used 57912K, committed 58176K, reserved 1114112K
  class space    used 6905K, committed 7040K, reserved 1048576K
}
Event: 25.061 GC heap before
{Heap before GC invocations=22 (full 0):
 garbage-first heap   total 94208K, used 70872K [0x0000000081800000, 0x0000000100000000)
  region size 1024K, 33 young (33792K), 5 survivors (5120K)
 Metaspace       used 59781K, committed 60032K, reserved 1114112K
  class space    used 7056K, committed 7168K, reserved 1048576K
}
Event: 25.093 GC heap after
{Heap after GC invocations=23 (full 0):
 garbage-first heap   total 94208K, used 46315K [0x0000000081800000, 0x0000000100000000)
  region size 1024K, 4 young (4096K), 4 survivors (4096K)
 Metaspace       used 59781K, committed 60032K, reserved 1114112K
  class space    used 7056K, committed 7168K, reserved 1048576K
}
Event: 27.132 GC heap before
{Heap before GC invocations=23 (full 0):
 garbage-first heap   total 94208K, used 65771K [0x0000000081800000, 0x0000000100000000)
  region size 1024K, 24 young (24576K), 4 survivors (4096K)
 Metaspace       used 60887K, committed 61120K, reserved 1114112K
  class space    used 7129K, committed 7232K, reserved 1048576K
}
Event: 27.157 GC heap after
{Heap after GC invocations=24 (full 0):
 garbage-first heap   total 94208K, used 49901K [0x0000000081800000, 0x0000000100000000)
  region size 1024K, 4 young (4096K), 4 survivors (4096K)
 Metaspace       used 60887K, committed 61120K, reserved 1114112K
  class space    used 7129K, committed 7232K, reserved 1048576K
}
Event: 29.660 GC heap before
{Heap before GC invocations=25 (full 0):
 garbage-first heap   total 99328K, used 74477K [0x0000000081800000, 0x0000000100000000)
  region size 1024K, 27 young (27648K), 4 survivors (4096K)
 Metaspace       used 61678K, committed 62016K, reserved 1114112K
  class space    used 7139K, committed 7296K, reserved 1048576K
}
Event: 29.683 GC heap after
{Heap after GC invocations=26 (full 0):
 garbage-first heap   total 99328K, used 52875K [0x0000000081800000, 0x0000000100000000)
  region size 1024K, 3 young (3072K), 3 survivors (3072K)
 Metaspace       used 61678K, committed 62016K, reserved 1114112K
  class space    used 7139K, committed 7296K, reserved 1048576K
}
Event: 29.763 GC heap before
{Heap before GC invocations=26 (full 0):
 garbage-first heap   total 99328K, used 53899K [0x0000000081800000, 0x0000000100000000)
  region size 1024K, 4 young (4096K), 3 survivors (3072K)
 Metaspace       used 61690K, committed 62016K, reserved 1114112K
  class space    used 7139K, committed 7296K, reserved 1048576K
}
Event: 29.776 GC heap after
{Heap after GC invocations=27 (full 0):
 garbage-first heap   total 99328K, used 52651K [0x0000000081800000, 0x0000000100000000)
  region size 1024K, 1 young (1024K), 1 survivors (1024K)
 Metaspace       used 61690K, committed 62016K, reserved 1114112K
  class space    used 7139K, committed 7296K, reserved 1048576K
}
Event: 31.101 GC heap before
{Heap before GC invocations=27 (full 0):
 garbage-first heap   total 99328K, used 77227K [0x0000000081800000, 0x0000000100000000)
  region size 1024K, 26 young (26624K), 1 survivors (1024K)
 Metaspace       used 61994K, committed 62272K, reserved 1114112K
  class space    used 7153K, committed 7296K, reserved 1048576K
}
Event: 31.118 GC heap after
{Heap after GC invocations=28 (full 0):
 garbage-first heap   total 142336K, used 55960K [0x0000000081800000, 0x0000000100000000)
  region size 1024K, 4 young (4096K), 4 survivors (4096K)
 Metaspace       used 61994K, committed 62272K, reserved 1114112K
  class space    used 7153K, committed 7296K, reserved 1048576K
}
Event: 38.195 GC heap before
{Heap before GC invocations=29 (full 0):
 garbage-first heap   total 142336K, used 109208K [0x0000000081800000, 0x0000000100000000)
  region size 1024K, 56 young (57344K), 4 survivors (4096K)
 Metaspace       used 63374K, committed 63680K, reserved 1114112K
  class space    used 7208K, committed 7360K, reserved 1048576K
}
Event: 38.220 GC heap after
{Heap after GC invocations=30 (full 0):
 garbage-first heap   total 142336K, used 60894K [0x0000000081800000, 0x0000000100000000)
  region size 1024K, 5 young (5120K), 5 survivors (5120K)
 Metaspace       used 63374K, committed 63680K, reserved 1114112K
  class space    used 7208K, committed 7360K, reserved 1048576K
}
Event: 38.322 GC heap before
{Heap before GC invocations=30 (full 0):
 garbage-first heap   total 142336K, used 61918K [0x0000000081800000, 0x0000000100000000)
  region size 1024K, 6 young (6144K), 5 survivors (5120K)
 Metaspace       used 63383K, committed 63680K, reserved 1114112K
  class space    used 7208K, committed 7360K, reserved 1048576K
}
Event: 38.339 GC heap after
{Heap after GC invocations=31 (full 0):
 garbage-first heap   total 142336K, used 61220K [0x0000000081800000, 0x0000000100000000)
  region size 1024K, 1 young (1024K), 1 survivors (1024K)
 Metaspace       used 63383K, committed 63680K, reserved 1114112K
  class space    used 7208K, committed 7360K, reserved 1048576K
}
Event: 42.424 GC heap before
{Heap before GC invocations=31 (full 0):
 garbage-first heap   total 142336K, used 111396K [0x0000000081800000, 0x0000000100000000)
  region size 1024K, 50 young (51200K), 1 survivors (1024K)
 Metaspace       used 69716K, committed 70080K, reserved 1114112K
  class space    used 7866K, committed 8064K, reserved 1048576K
}
Event: 42.442 GC heap after
{Heap after GC invocations=32 (full 0):
 garbage-first heap   total 142336K, used 64251K [0x0000000081800000, 0x0000000100000000)
  region size 1024K, 4 young (4096K), 4 survivors (4096K)
 Metaspace       used 69716K, committed 70080K, reserved 1114112K
  class space    used 7866K, committed 8064K, reserved 1048576K
}
Event: 47.017 GC heap before
{Heap before GC invocations=32 (full 0):
 garbage-first heap   total 142336K, used 112379K [0x0000000081800000, 0x0000000100000000)
  region size 1024K, 51 young (52224K), 4 survivors (4096K)
 Metaspace       used 74028K, committed 74368K, reserved 1179648K
  class space    used 8290K, committed 8448K, reserved 1048576K
}
Event: 47.057 GC heap after
{Heap after GC invocations=33 (full 0):
 garbage-first heap   total 142336K, used 71623K [0x0000000081800000, 0x0000000100000000)
  region size 1024K, 7 young (7168K), 7 survivors (7168K)
 Metaspace       used 74028K, committed 74368K, reserved 1179648K
  class space    used 8290K, committed 8448K, reserved 1048576K
}

