# JRE version: OpenJDK Runtime Environment (17.0.11) (build 17.0.11+0--11852314)
# Java VM: OpenJDK 64-Bit Server VM (17.0.11+0--11852314, mixed mode, tiered, compressed oops, compressed class ptrs, g1 gc, windows-amd64)
GC Precious Log:
 CPUs: 4 total, 4 available
 Memory: 8090M
 Large Page Support: Disabled
 NUMA Support: Disabled
 Compressed Oops: Enabled (32-bit)
 Heap Region Size: 1M
 Heap Min Capacity: 8M
 Heap Initial Capacity: 128M
 Heap Max Capacity: 2024M
 Pre-touch: Disabled
 Parallel Workers: 4
 Concurrent Workers: 1
 Concurrent Refinement Workers: 4
 Periodic GC: Disabled
Heap:
 garbage-first heap   total 104448K, used 49589K [0x0000000081800000, 0x0000000100000000)
  region size 1024K, 3 young (3072K), 3 survivors (3072K)
 Metaspace       used 60856K, committed 61184K, reserved 1114112K
  class space    used 7133K, committed 7296K, reserved 1048576K
GC Heap History (20 events):
Event: 12.093 GC heap after
{Heap after GC invocations=13 (full 0):
 garbage-first heap   total 51200K, used 21896K [0x0000000081800000, 0x0000000100000000)
  region size 1024K, 2 young (2048K), 2 survivors (2048K)
 Metaspace       used 42396K, committed 42624K, reserved 1114112K
  class space    used 5188K, committed 5312K, reserved 1048576K
}
Event: 13.279 GC heap before
{Heap before GC invocations=13 (full 0):
 garbage-first heap   total 51200K, used 36232K [0x0000000081800000, 0x0000000100000000)
  region size 1024K, 17 young (17408K), 2 survivors (2048K)
 Metaspace       used 46120K, committed 46336K, reserved 1114112K
  class space    used 5611K, committed 5696K, reserved 1048576K
}
Event: 13.292 GC heap after
{Heap after GC invocations=14 (full 0):
 garbage-first heap   total 51200K, used 23632K [0x0000000081800000, 0x0000000100000000)
  region size 1024K, 3 young (3072K), 3 survivors (3072K)
 Metaspace       used 46120K, committed 46336K, reserved 1114112K
  class space    used 5611K, committed 5696K, reserved 1048576K
}
Event: 14.493 GC heap before
{Heap before GC invocations=14 (full 0):
 garbage-first heap   total 51200K, used 40016K [0x0000000081800000, 0x0000000100000000)
  region size 1024K, 18 young (18432K), 3 survivors (3072K)
 Metaspace       used 48831K, committed 49088K, reserved 1114112K
  class space    used 5893K, committed 6016K, reserved 1048576K
}
Event: 14.510 GC heap after
{Heap after GC invocations=15 (full 0):
 garbage-first heap   total 51200K, used 25719K [0x0000000081800000, 0x0000000100000000)
  region size 1024K, 3 young (3072K), 3 survivors (3072K)
 Metaspace       used 48831K, committed 49088K, reserved 1114112K
  class space    used 5893K, committed 6016K, reserved 1048576K
}
Event: 14.827 GC heap before
{Heap before GC invocations=15 (full 0):
 garbage-first heap   total 51200K, used 39031K [0x0000000081800000, 0x0000000100000000)
  region size 1024K, 16 young (16384K), 3 survivors (3072K)
 Metaspace       used 48863K, committed 49152K, reserved 1114112K
  class space    used 5894K, committed 6016K, reserved 1048576K
}
Event: 14.835 GC heap after
{Heap after GC invocations=16 (full 0):
 garbage-first heap   total 82944K, used 26058K [0x0000000081800000, 0x0000000100000000)
  region size 1024K, 1 young (1024K), 1 survivors (1024K)
 Metaspace       used 48863K, committed 49152K, reserved 1114112K
  class space    used 5894K, committed 6016K, reserved 1048576K
}
Event: 18.276 GC heap before
{Heap before GC invocations=17 (full 0):
 garbage-first heap   total 82944K, used 64970K [0x0000000081800000, 0x0000000100000000)
  region size 1024K, 37 young (37888K), 1 survivors (1024K)
 Metaspace       used 50910K, committed 51136K, reserved 1114112K
  class space    used 6118K, committed 6208K, reserved 1048576K
}
Event: 18.295 GC heap after
{Heap after GC invocations=18 (full 0):
 garbage-first heap   total 82944K, used 31600K [0x0000000081800000, 0x0000000100000000)
  region size 1024K, 4 young (4096K), 4 survivors (4096K)
 Metaspace       used 50910K, committed 51136K, reserved 1114112K
  class space    used 6118K, committed 6208K, reserved 1048576K
}
Event: 20.917 GC heap before
{Heap before GC invocations=18 (full 0):
 garbage-first heap   total 82944K, used 61296K [0x0000000081800000, 0x0000000100000000)
  region size 1024K, 33 young (33792K), 4 survivors (4096K)
 Metaspace       used 55522K, committed 55744K, reserved 1114112K
  class space    used 6668K, committed 6784K, reserved 1048576K
}
Event: 20.950 GC heap after
{Heap after GC invocations=19 (full 0):
 garbage-first heap   total 82944K, used 37109K [0x0000000081800000, 0x0000000100000000)
  region size 1024K, 5 young (5120K), 5 survivors (5120K)
 Metaspace       used 55522K, committed 55744K, reserved 1114112K
  class space    used 6668K, committed 6784K, reserved 1048576K
}
Event: 23.384 GC heap before
{Heap before GC invocations=19 (full 0):
 garbage-first heap   total 82944K, used 62709K [0x0000000081800000, 0x0000000100000000)
  region size 1024K, 30 young (30720K), 5 survivors (5120K)
 Metaspace       used 56761K, committed 57024K, reserved 1114112K
  class space    used 6726K, committed 6848K, reserved 1048576K
}
Event: 23.420 GC heap after
{Heap after GC invocations=20 (full 0):
 garbage-first heap   total 82944K, used 41477K [0x0000000081800000, 0x0000000100000000)
  region size 1024K, 4 young (4096K), 4 survivors (4096K)
 Metaspace       used 56761K, committed 57024K, reserved 1114112K
  class space    used 6726K, committed 6848K, reserved 1048576K
}
Event: 25.636 GC heap before
{Heap before GC invocations=20 (full 0):
 garbage-first heap   total 82944K, used 64005K [0x0000000081800000, 0x0000000100000000)
  region size 1024K, 26 young (26624K), 4 survivors (4096K)
 Metaspace       used 59008K, committed 59264K, reserved 1114112K
  class space    used 7008K, committed 7104K, reserved 1048576K
}
Event: 25.665 GC heap after
{Heap after GC invocations=21 (full 0):
 garbage-first heap   total 82944K, used 44848K [0x0000000081800000, 0x0000000100000000)
  region size 1024K, 3 young (3072K), 3 survivors (3072K)
 Metaspace       used 59008K, committed 59264K, reserved 1114112K
  class space    used 7008K, committed 7104K, reserved 1048576K
}
Event: 27.736 GC heap before
{Heap before GC invocations=22 (full 0):
 garbage-first heap   total 82944K, used 65328K [0x0000000081800000, 0x0000000100000000)
  region size 1024K, 23 young (23552K), 3 survivors (3072K)
 Metaspace       used 59965K, committed 60160K, reserved 1114112K
  class space    used 7077K, committed 7168K, reserved 1048576K
}
Event: 27.757 GC heap after
{Heap after GC invocations=23 (full 0):
 garbage-first heap   total 82944K, used 47762K [0x0000000081800000, 0x0000000100000000)
  region size 1024K, 3 young (3072K), 3 survivors (3072K)
 Metaspace       used 59965K, committed 60160K, reserved 1114112K
  class space    used 7077K, committed 7168K, reserved 1048576K
}
Event: 27.803 GC heap before
{Heap before GC invocations=23 (full 0):
 garbage-first heap   total 82944K, used 48786K [0x0000000081800000, 0x0000000100000000)
  region size 1024K, 4 young (4096K), 3 survivors (3072K)
 Metaspace       used 59979K, committed 60224K, reserved 1114112K
  class space    used 7079K, committed 7168K, reserved 1048576K
}
Event: 27.818 GC heap after
{Heap after GC invocations=24 (full 0):
 garbage-first heap   total 82944K, used 47898K [0x0000000081800000, 0x0000000100000000)
  region size 1024K, 1 young (1024K), 1 survivors (1024K)
 Metaspace       used 59979K, committed 60224K, reserved 1114112K
  class space    used 7079K, committed 7168K, reserved 1048576K
}
Event: 29.883 GC heap before
{Heap before GC invocations=24 (full 0):
 garbage-first heap   total 82944K, used 62234K [0x0000000081800000, 0x0000000100000000)
  region size 1024K, 16 young (16384K), 1 survivors (1024K)
 Metaspace       used 60856K, committed 61184K, reserved 1114112K
  class space    used 7133K, committed 7296K, reserved 1048576K
}

